Using pre-set license

 COMMAND LINE ARGUMENTS:
/Applications/Unity/Hub/Editor/2020.3.2f1/Unity.app/Contents/MacOS/Unity
-adb2
-batchMode
-noUpm
-name
AssetImportWorker0
-projectPath
/Users/mert/Desktop/Unity Projects/Realm Rush
-logFile
Logs/AssetImportWorker0.log
-srvPort
49161
Successfully changed project path to: /Users/mert/Desktop/Unity Projects/Realm Rush
/Users/mert/Desktop/Unity Projects/Realm Rush
Using Asset Import Pipeline V2.
Refreshing native plugins compatible for Editor in 27.70 ms, found 1 plugins.
Preloading 0 native plugins for Editor in 0.00 ms.
Initialize engine version: 2020.3.2f1 (8fd9074bf66c)
[Subsystems] Discovering subsystems at path /Applications/Unity/Hub/Editor/2020.3.2f1/Unity.app/Contents/Resources/UnitySubsystems
[Subsystems] Discovering subsystems at path /Users/mert/Desktop/Unity Projects/Realm Rush/Assets
GfxDevice: creating device client; threaded=0
2021-07-20 20:44:29.859 Unity[662:7578] Color LCD preferred device: Intel Iris Pro Graphics (low power)
2021-07-20 20:44:29.859 Unity[662:7578] Metal devices available: 2
2021-07-20 20:44:29.859 Unity[662:7578] 0: NVIDIA GeForce GT 750M (high power)
2021-07-20 20:44:29.859 Unity[662:7578] 1: Intel Iris Pro Graphics (low power)
2021-07-20 20:44:29.859 Unity[662:7578] Using device NVIDIA GeForce GT 750M (high power)
Initializing Metal device caps: NVIDIA GeForce GT 750M
Initialize mono
Mono path[0] = '/Applications/Unity/Hub/Editor/2020.3.2f1/Unity.app/Contents/Managed'
Mono path[1] = '/Applications/Unity/Hub/Editor/2020.3.2f1/Unity.app/Contents/MonoBleedingEdge/lib/mono/unityjit'
Mono config path = '/Applications/Unity/Hub/Editor/2020.3.2f1/Unity.app/Contents/MonoBleedingEdge/etc'
Using monoOptions --debugger-agent=transport=dt_socket,embedding=1,server=y,suspend=n,address=127.0.0.1:56662
Begin MonoManager ReloadAssembly
Registering precompiled unity dll's ...
Register platform support module: /Applications/Unity/Hub/Editor/2020.3.2f1/PlaybackEngines/WebGLSupport/UnityEditor.WebGL.Extensions.dll
Register platform support module: /Applications/Unity/Hub/Editor/2020.3.2f1/Unity.app/Contents/PlaybackEngines/MacStandaloneSupport/UnityEditor.OSXStandalone.Extensions.dll
Register platform support module: /Applications/Unity/Hub/Editor/2020.3.2f1/PlaybackEngines/WindowsStandaloneSupport/UnityEditor.WindowsStandalone.Extensions.dll
Registered in 0.001238 seconds.
Native extension for WindowsStandalone target not found
Native extension for OSXStandalone target not found
Native extension for WebGL target not found
Refreshing native plugins compatible for Editor in 28.96 ms, found 1 plugins.
Preloading 0 native plugins for Editor in 0.00 ms.
Invoked RoslynAnalysisRunner static constructor.
RoslynAnalysisRunner will not be running.
RoslynAnalysisRunner has terminated.
Mono: successfully reloaded assembly
- Completed reload, in  3.493 seconds
Platform modules already initialized, skipping
Registering precompiled user dll's ...
Registered in 0.000382 seconds.
Begin MonoManager ReloadAssembly
Native extension for WindowsStandalone target not found
Native extension for OSXStandalone target not found
Native extension for WebGL target not found
Refreshing native plugins compatible for Editor in 0.25 ms, found 1 plugins.
Preloading 0 native plugins for Editor in 0.00 ms.
Invoked RoslynAnalysisRunner static constructor.
RoslynAnalysisRunner will not be running.
RoslynAnalysisRunner has terminated.
Mono: successfully reloaded assembly
- Completed reload, in  1.033 seconds
Platform modules already initialized, skipping
========================================================================
Worker process is ready to serve import requests
Launching external process: /Applications/Unity/Hub/Editor/2020.3.2f1/Unity.app/Contents/Tools/UnityShaderCompiler
Launched and connected shader compiler UnityShaderCompiler after 0.01 seconds
Refreshing native plugins compatible for Editor in 0.25 ms, found 1 plugins.
Preloading 0 native plugins for Editor in 0.00 ms.
Unloading 1140 Unused Serialized files (Serialized files now loaded: 0)
System memory in use before: 118.9 MB.
System memory in use after: 119.0 MB.

Unloading 10 unused Assets to reduce memory usage. Loaded Objects now: 1584.
Total: 2.712376 ms (FindLiveObjects: 0.194153 ms CreateObjectMapping: 0.052012 ms MarkObjects: 2.324706 ms  DeleteObjects: 0.139234 ms)

========================================================================
Received Import Request.
  path: Assets/Tower/Tower.cs
  artifactKey: Guid(d4f6f6fdf0c7c4670abbeaa2674a0404) Importer(815301076,1909f56bfc062723c751e8b465ee728b)
Start importing Assets/Tower/Tower.cs using Guid(d4f6f6fdf0c7c4670abbeaa2674a0404) Importer(815301076,1909f56bfc062723c751e8b465ee728b)  -> (artifact id: '73fe03d003b21eba7ba796804d874948') in 0.398240 seconds
  Import took 0.400597 seconds .

========================================================================
Received Import Request.
  Time since last request: 338.355429 seconds.
  path: Assets/Tower/Tower.cs
  artifactKey: Guid(d4f6f6fdf0c7c4670abbeaa2674a0404) Importer(815301076,1909f56bfc062723c751e8b465ee728b)
Start importing Assets/Tower/Tower.cs using Guid(d4f6f6fdf0c7c4670abbeaa2674a0404) Importer(815301076,1909f56bfc062723c751e8b465ee728b)  -> (artifact id: '0651bc6a7a292ece2ddd188d1a256056') in 0.004688 seconds
  Import took 0.006809 seconds .

========================================================================
Received Import Request.
  Time since last request: 39.347429 seconds.
  path: Assets/Tower/TargetLocator.cs
  artifactKey: Guid(9b64777428ab64645830cf7f33d682ef) Importer(815301076,1909f56bfc062723c751e8b465ee728b)
Start importing Assets/Tower/TargetLocator.cs using Guid(9b64777428ab64645830cf7f33d682ef) Importer(815301076,1909f56bfc062723c751e8b465ee728b)  -> (artifact id: 'b58cf3f5a93fb621bc0092c8b313b82e') in 0.003510 seconds
  Import took 0.005783 seconds .

========================================================================
Received Import Request.
  Time since last request: 0.000614 seconds.
  path: Assets/Tower/TargetLocator.cs
  artifactKey: Guid(9b64777428ab64645830cf7f33d682ef) Importer(815301076,1909f56bfc062723c751e8b465ee728b)
Start importing Assets/Tower/TargetLocator.cs using Guid(9b64777428ab64645830cf7f33d682ef) Importer(815301076,1909f56bfc062723c751e8b465ee728b)  -> (artifact id: 'b58cf3f5a93fb621bc0092c8b313b82e') in 0.003315 seconds
  Import took 0.005020 seconds .

========================================================================
Received Prepare
Registering precompiled user dll's ...
Registered in 0.000426 seconds.
Begin MonoManager ReloadAssembly
Native extension for WindowsStandalone target not found
Native extension for OSXStandalone target not found
Native extension for WebGL target not found
Refreshing native plugins compatible for Editor in 0.27 ms, found 1 plugins.
Preloading 0 native plugins for Editor in 0.00 ms.
Invoked RoslynAnalysisRunner static constructor.
RoslynAnalysisRunner will not be running.
RoslynAnalysisRunner has terminated.
Mono: successfully reloaded assembly
- Completed reload, in  0.955 seconds
Platform modules already initialized, skipping
Refreshing native plugins compatible for Editor in 0.24 ms, found 1 plugins.
Preloading 0 native plugins for Editor in 0.00 ms.
Unloading 1122 Unused Serialized files (Serialized files now loaded: 0)
System memory in use before: 122.1 MB.
System memory in use after: 122.2 MB.

Unloading 5 unused Assets to reduce memory usage. Loaded Objects now: 1587.
Total: 2.338552 ms (FindLiveObjects: 0.220883 ms CreateObjectMapping: 0.049555 ms MarkObjects: 1.999268 ms  DeleteObjects: 0.067574 ms)

========================================================================
Received Import Request.
  Time since last request: 438.029770 seconds.
  path: Assets/Tower/Ballista.prefab
  artifactKey: Guid(8a965e088bae16643aab3d07ccfd5e2e) Importer(815301076,1909f56bfc062723c751e8b465ee728b)
Start importing Assets/Tower/Ballista.prefab using Guid(8a965e088bae16643aab3d07ccfd5e2e) Importer(815301076,1909f56bfc062723c751e8b465ee728b)  -> (artifact id: '19d7c1058e94a817fdc8ac37ff07de02') in 1.337934 seconds
  Import took 1.341325 seconds .

AssetImportWorkerClient::OnTransportError - code=2 error=End of file
